<?xml version="1.0" encoding="UTF-8"?>
<!-- Generated by org.testng.reporters.JUnitReportReporter -->
<testsuite skipped="0" hostname="Sundar-PC" name="TEST.DAtesting" tests="2" failures="0" timestamp="17 Apr 2019 04:39:09 GMT" time="77.363" errors="0">
  <testcase name="trip" time="0.692" classname="TEST.DAtesting"/>
  <testcase name="login" time="76.671" classname="TEST.DAtesting"/>
</testsuite> <!-- TEST.DAtesting -->
